This is pdfTeX, Version 3.1415926-2.5-1.40.14 (TeX Live 2013/Debian) (format=pdflatex 2014.11.10)  19 JAN 2015 17:34
entering extended mode
 restricted \write18 enabled.
 %&-line parsing enabled.
**reTOUCH.tex
(./reTOUCH.tex
LaTeX2e <2011/06/27>
Babel <3.9h> and hyphenation patterns for 2 languages loaded.
(./vldb.cls (/usr/share/texlive/texmf-dist/tex/latex/geometry/geometry.sty
Package: geometry 2010/09/12 v5.6 Page Geometry

(/usr/share/texlive/texmf-dist/tex/latex/graphics/keyval.sty
Package: keyval 1999/03/16 v1.13 key=value parser (DPC)
\KV@toks@=\toks14
)
(/usr/share/texlive/texmf-dist/tex/generic/oberdiek/ifpdf.sty
Package: ifpdf 2011/01/30 v2.3 Provides the ifpdf switch (HO)
Package ifpdf Info: pdfTeX in PDF mode is detected.
)
(/usr/share/texlive/texmf-dist/tex/generic/oberdiek/ifvtex.sty
Package: ifvtex 2010/03/01 v1.5 Detect VTeX and its facilities (HO)
Package ifvtex Info: VTeX not detected.
)
(/usr/share/texlive/texmf-dist/tex/generic/ifxetex/ifxetex.sty
Package: ifxetex 2010/09/12 v0.6 Provides ifxetex conditional
)
\Gm@cnth=\count79
\Gm@cntv=\count80
\c@Gm@tempcnt=\count81
\Gm@bindingoffset=\dimen102
\Gm@wd@mp=\dimen103
\Gm@odd@mp=\dimen104
\Gm@even@mp=\dimen105
\Gm@layoutwidth=\dimen106
\Gm@layoutheight=\dimen107
\Gm@layouthoffset=\dimen108
\Gm@layoutvoffset=\dimen109
\Gm@dimlist=\toks15
)
(/usr/share/texlive/texmf-dist/tex/latex/graphics/epsfig.sty
Package: epsfig 1999/02/16 v1.7a (e)psfig emulation (SPQR)

(/usr/share/texlive/texmf-dist/tex/latex/graphics/graphicx.sty
Package: graphicx 1999/02/16 v1.0f Enhanced LaTeX Graphics (DPC,SPQR)

(/usr/share/texlive/texmf-dist/tex/latex/graphics/graphics.sty
Package: graphics 2009/02/05 v1.0o Standard LaTeX Graphics (DPC,SPQR)

(/usr/share/texlive/texmf-dist/tex/latex/graphics/trig.sty
Package: trig 1999/03/16 v1.09 sin cos tan (DPC)
)
(/usr/share/texlive/texmf-dist/tex/latex/latexconfig/graphics.cfg
File: graphics.cfg 2010/04/23 v1.9 graphics configuration of TeX Live
)
Package graphics Info: Driver file: pdftex.def on input line 91.

(/usr/share/texlive/texmf-dist/tex/latex/pdftex-def/pdftex.def
File: pdftex.def 2011/05/27 v0.06d Graphics/color for pdfTeX

(/usr/share/texlive/texmf-dist/tex/generic/oberdiek/infwarerr.sty
Package: infwarerr 2010/04/08 v1.3 Providing info/warning/error messages (HO)
)
(/usr/share/texlive/texmf-dist/tex/generic/oberdiek/ltxcmds.sty
Package: ltxcmds 2011/11/09 v1.22 LaTeX kernel commands for general use (HO)
)
\Gread@gobject=\count82
))
\Gin@req@height=\dimen110
\Gin@req@width=\dimen111
)
\epsfxsize=\dimen112
\epsfysize=\dimen113
)
(/usr/share/texlive/texmf-dist/tex/latex/amsfonts/amssymb.sty
Package: amssymb 2013/01/14 v3.01 AMS font symbols

(/usr/share/texlive/texmf-dist/tex/latex/amsfonts/amsfonts.sty
Package: amsfonts 2013/01/14 v3.01 Basic AMSFonts support
\@emptytoks=\toks16
\symAMSa=\mathgroup4
\symAMSb=\mathgroup5
LaTeX Font Info:    Overwriting math alphabet `\mathfrak' in version `bold'
(Font)                  U/euf/m/n --> U/euf/b/n on input line 106.
))
(/usr/share/texlive/texmf-dist/tex/latex/amsmath/amsmath.sty
Package: amsmath 2013/01/14 v2.14 AMS math features
\@mathmargin=\skip41

For additional information on amsmath, use the `?' option.
(/usr/share/texlive/texmf-dist/tex/latex/amsmath/amstext.sty
Package: amstext 2000/06/29 v2.01

(/usr/share/texlive/texmf-dist/tex/latex/amsmath/amsgen.sty
File: amsgen.sty 1999/11/30 v2.0
\@emptytoks=\toks17
\ex@=\dimen114
))
(/usr/share/texlive/texmf-dist/tex/latex/amsmath/amsbsy.sty
Package: amsbsy 1999/11/29 v1.2d
\pmbraise@=\dimen115
)
(/usr/share/texlive/texmf-dist/tex/latex/amsmath/amsopn.sty
Package: amsopn 1999/12/14 v2.01 operator names
)
\inf@bad=\count83
LaTeX Info: Redefining \frac on input line 210.
\uproot@=\count84
\leftroot@=\count85
LaTeX Info: Redefining \overline on input line 306.
\classnum@=\count86
\DOTSCASE@=\count87
LaTeX Info: Redefining \ldots on input line 378.
LaTeX Info: Redefining \dots on input line 381.
LaTeX Info: Redefining \cdots on input line 466.
\Mathstrutbox@=\box26
\strutbox@=\box27
\big@size=\dimen116
LaTeX Font Info:    Redeclaring font encoding OML on input line 566.
LaTeX Font Info:    Redeclaring font encoding OMS on input line 567.
\macc@depth=\count88
\c@MaxMatrixCols=\count89
\dotsspace@=\muskip10
\c@parentequation=\count90
\dspbrk@lvl=\count91
\tag@help=\toks18
\row@=\count92
\column@=\count93
\maxfields@=\count94
\andhelp@=\toks19
\eqnshift@=\dimen117
\alignsep@=\dimen118
\tagshift@=\dimen119
\tagwidth@=\dimen120
\totwidth@=\dimen121
\lineht@=\dimen122
\@envbody=\toks20
\multlinegap=\skip42
\multlinetaggap=\skip43
\mathdisplay@stack=\toks21
LaTeX Info: Redefining \[ on input line 2665.
LaTeX Info: Redefining \] on input line 2666.
)
Document Class 'vldb' - based on 'sig-alternate' <26th. July '05>. Modified by 
G.K.M. Tobin/Gerry Murray
Based in part upon document Style `acmconf' <22 May 89>. Hacked 4/91 by
shivers@cs.cmu.edu, 4/93 by theobald@cs.mcgill.ca
Excerpts were taken from (Journal Style) 'esub2acm.cls'.
****** Bugs/comments/suggestions/technicalities to Gerry Murray -- murray@hq.ac
m.org ******
Questions on the style, SIGS policies, etc. to Adrienne Griscti griscti@acm.org

\footheight=\dimen123
\@maxsep=\dimen124
\@dblmaxsep=\dimen125
\aucount=\count95
\originalaucount=\count96
\auwidth=\dimen126
\auskip=\dimen127
\auskipcount=\count97
\auskip=\dimen128
\allauboxes=\dimen129
\addauthors=\toks22
\addauflag=\count98
\subtitletext=\toks23
\savesection=\count99
\sectioncntr=\count100
\c@figure=\count101
\c@table=\count102
\titleboxnotes=\toks24
\titleboxnoteflag=\count103
Document Class: vldb 2010/10/19 - V1.8b - based on sig-alternate V1.8 - based o
n acmproc.cls V1.3 <Nov. 30 '99>
(/usr/share/texlive/texmf-dist/tex/latex/base/latexsym.sty
Package: latexsym 1998/08/17 v2.2e Standard LaTeX package (lasy symbols)
\symlasy=\mathgroup6
LaTeX Font Info:    Overwriting symbol font `lasy' in version `bold'
(Font)                  U/lasy/m/n --> U/lasy/b/n on input line 47.
)
\@acmtitlebox=\box28
\titlenotecount=\count104
\tntoks=\toks25
\tntokstwo=\toks26
\tntoksthree=\toks27
\tntoksfour=\toks28
\tntoksfive=\toks29
\catcount=\count105
\copyrightnotice=\toks30
\conf=\toks31
\confinfo=\toks32
\c@part=\count106
\c@section=\count107
\c@subsection=\count108
\c@subsubsection=\count109
\c@paragraph=\count110

Using 'Abbrev' bibliography style
\bibindent=\dimen130
\colcntr=\count111
\savebox=\box29
\copyrtyr=\toks33
\acmcopyr=\toks34
\boilerplate=\toks35
\copyrightetc=\toks36
) (/usr/share/texlive/texmf-dist/tex/latex/preprint/balance.sty
Package: balance 1999/02/23 4.3 (PWD)
\oldvsize=\dimen131
)
(/usr/share/texlive/texmf-dist/tex/latex/subfigure/subfigure.sty
Package: subfigure 2002/03/15 v2.1.5 subfigure package


Package subfigure Warning: Your document class has a bad definition
 of \endfigure, most likely
 \let\endfigure=\end@float
 which has now been changed to
 \def\endfigure{\end@float}
 because otherwise subsequent changes to \end@float
 (like done by several packages changing float behaviour)
 can't take effect on \endfigure.
 Please complain to your document class author.


Package subfigure Warning: Your document class has a bad definition
 of \endtable, most likely
 \let\endtable=\end@float
 which has now been changed to
 \def\endtable{\end@float}
 because otherwise subsequent changes to \end@float
 (like done by several packages changing float behaviour)
 can't take effect on \endtable.
 Please complain to your document class author.

\subfigtopskip=\skip44
\subfigcapskip=\skip45
\subfigcaptopadj=\dimen132
\subfigbottomskip=\skip46
\subfigcapmargin=\dimen133
\subfiglabelskip=\skip47
\c@subfigure=\count112
\c@lofdepth=\count113
\c@subtable=\count114
\c@lotdepth=\count115
****************************************
* Local config file subfigure.cfg used *
****************************************
(/usr/share/texlive/texmf-dist/tex/latex/subfigure/subfigure.cfg)
\subfig@top=\skip48
\subfig@bottom=\skip49
)
(/usr/share/texlive/texmf-dist/tex/latex/tools/enumerate.sty
Package: enumerate 1999/03/05 v3.00 enumerate extensions (DPC)
\@enLab=\toks37
)
(/usr/share/texlive/texmf-dist/tex/latex/caption/caption.sty
Package: caption 2013/05/02 v3.3-89 Customizing captions (AR)

(/usr/share/texlive/texmf-dist/tex/latex/caption/caption3.sty
Package: caption3 2013/05/02 v1.6-88 caption3 kernel (AR)
Package caption3 Info: TeX engine: e-TeX on input line 57.
\captionmargin=\dimen134
\captionmargin@=\dimen135
\captionwidth=\dimen136
\caption@tempdima=\dimen137
\caption@indent=\dimen138
\caption@parindent=\dimen139
\caption@hangindent=\dimen140
\abovecaptionskip=\skip50
\belowcaptionskip=\skip51
Package caption Info: Unknown document class (or package),
(caption)             standard defaults will be used.
)

Package caption Warning: Unsupported document class (or package) detected,
(caption)                usage of the caption package is not recommended.
See the caption package documentation for explanation.

Package caption Info: \@makecaption = \long macro:#1#2-> \vskip 10pt \setbox \@
tempboxa \hbox {\textbf {#1: #2}} \ifdim \wd \@tempboxa >\hsize \textbf {#1: #2
}\par \else \hbox to\hsize {\hfil \box \@tempboxa \hfil } \fi .
\c@ContinuedFloat=\count116
Package caption Info: subfigure package is loaded.
) (/usr/share/texlive/texmf-dist/tex/latex/wrapfig/wrapfig.sty
\wrapoverhang=\dimen141
\WF@size=\dimen142
\c@WF@wrappedlines=\count117
\WF@box=\box30
\WF@everypar=\toks38
Package: wrapfig 2003/01/31  v 3.6
)
(/usr/share/texlive/texmf-dist/tex/latex/hyphenat/hyphenat.sty
Package: hyphenat 2009/09/02 v2.3c hyphenation utilities
\langwohyphens=\language3
LaTeX Info: Redefining \_ on input line 43.
)
(/usr/share/texlive/texmf-dist/tex/latex/algorithms/algorithm.sty
Package: algorithm 2009/08/24 v0.1 Document Style `algorithm' - floating enviro
nment

(/usr/share/texlive/texmf-dist/tex/latex/float/float.sty
Package: float 2001/11/08 v1.3d Float enhancements (AL)
\c@float@type=\count118
\float@exts=\toks39
\float@box=\box31
\@float@everytoks=\toks40
\@floatcapt=\box32
)
(/usr/share/texlive/texmf-dist/tex/latex/base/ifthen.sty
Package: ifthen 2001/05/26 v1.1c Standard LaTeX ifthen package (DPC)
)
\@float@every@algorithm=\toks41
\c@algorithm=\count119
)
(/usr/share/texlive/texmf-dist/tex/latex/graphics/color.sty
Package: color 2005/11/14 v1.0j Standard LaTeX Color (DPC)

(/usr/share/texlive/texmf-dist/tex/latex/latexconfig/color.cfg
File: color.cfg 2007/01/18 v1.5 color configuration of teTeX/TeXLive
)
Package color Info: Driver file: pdftex.def on input line 130.
)
(/usr/share/texlive/texmf-dist/tex/latex/algorithmicx/algpseudocode.sty
Package: algpseudocode 

(/usr/share/texlive/texmf-dist/tex/latex/algorithmicx/algorithmicx.sty
Package: algorithmicx 2005/04/27 v1.2 Algorithmicx

Document Style algorithmicx 1.2 - a greatly improved `algorithmic' style
\c@ALG@line=\count120
\c@ALG@rem=\count121
\c@ALG@nested=\count122
\ALG@tlm=\skip52
\ALG@thistlm=\skip53
\c@ALG@Lnr=\count123
\c@ALG@blocknr=\count124
\c@ALG@storecount=\count125
\c@ALG@tmpcounter=\count126
\ALG@tmplength=\skip54
)
Document Style - pseudocode environments for use with the `algorithmicx' style
)
\c@theorem=\count127
\c@lemma=\count128
\c@remark=\count129
 (./reTOUCH.aux)
\openout1 = `reTOUCH.aux'.

LaTeX Font Info:    Checking defaults for OML/cmm/m/it on input line 44.
LaTeX Font Info:    ... okay on input line 44.
LaTeX Font Info:    Checking defaults for T1/cmr/m/n on input line 44.
LaTeX Font Info:    ... okay on input line 44.
LaTeX Font Info:    Checking defaults for OT1/cmr/m/n on input line 44.
LaTeX Font Info:    ... okay on input line 44.
LaTeX Font Info:    Checking defaults for OMS/cmsy/m/n on input line 44.
LaTeX Font Info:    ... okay on input line 44.
LaTeX Font Info:    Checking defaults for OMX/cmex/m/n on input line 44.
LaTeX Font Info:    ... okay on input line 44.
LaTeX Font Info:    Checking defaults for U/cmr/m/n on input line 44.
LaTeX Font Info:    ... okay on input line 44.

*geometry* detected driver: pdftex
*geometry* verbose mode - [ preamble ] result:
* driver: pdftex
* paper: letterpaper
* layout: <same size as paper>
* layoutoffset:(h,v)=(0.0pt,0.0pt)
* modes: twoside 
* h-part:(L,W,R)=(92.14519pt, 430.00462pt, 92.14519pt)
* v-part:(T,H,B)=(95.39737pt, 556.47656pt, 143.09605pt)
* \paperwidth=614.295pt
* \paperheight=794.96999pt
* \textwidth=504.0pt
* \textheight=666.0pt
* \oddsidemargin=-18.26999pt
* \evensidemargin=-18.26999pt
* \topmargin=-55.26999pt
* \headheight=12.0pt
* \headsep=25.0pt
* \topskip=10.0pt
* \footskip=30.0pt
* \marginparwidth=0.0pt
* \marginparsep=11.0pt
* \columnsep=24.0pt
* \skip\footins=8.1pt plus 4.0pt minus 2.0pt
* \hoffset=0.0pt
* \voffset=0.0pt
* \mag=1000
* \@twocolumntrue
* \@twosidetrue
* \@mparswitchtrue
* \@reversemarginfalse
* (1in=72.27pt=25.4mm, 1cm=28.453pt)

(/usr/share/texlive/texmf-dist/tex/context/base/supp-pdf.mkii
[Loading MPS to PDF converter (version 2006.09.02).]
\scratchcounter=\count130
\scratchdimen=\dimen143
\scratchbox=\box33
\nofMPsegments=\count131
\nofMParguments=\count132
\everyMPshowfont=\toks42
\MPscratchCnt=\count133
\MPscratchDim=\dimen144
\MPnumerator=\count134
\makeMPintoPDFobject=\count135
\everyMPtoPDFconversion=\toks43
) (/usr/share/texlive/texmf-dist/tex/generic/oberdiek/pdftexcmds.sty
Package: pdftexcmds 2011/11/29 v0.20 Utility functions of pdfTeX for LuaTeX (HO
)

(/usr/share/texlive/texmf-dist/tex/generic/oberdiek/ifluatex.sty
Package: ifluatex 2010/03/01 v1.3 Provides the ifluatex switch (HO)
Package ifluatex Info: LuaTeX not detected.
)
Package pdftexcmds Info: LuaTeX not detected.
Package pdftexcmds Info: \pdf@primitive is available.
Package pdftexcmds Info: \pdf@ifprimitive is available.
Package pdftexcmds Info: \pdfdraftmode found.
)
(/usr/share/texlive/texmf-dist/tex/latex/oberdiek/epstopdf-base.sty
Package: epstopdf-base 2010/02/09 v2.5 Base part for package epstopdf

(/usr/share/texlive/texmf-dist/tex/latex/oberdiek/grfext.sty
Package: grfext 2010/08/19 v1.1 Manage graphics extensions (HO)

(/usr/share/texlive/texmf-dist/tex/generic/oberdiek/kvdefinekeys.sty
Package: kvdefinekeys 2011/04/07 v1.3 Define keys (HO)
))
(/usr/share/texlive/texmf-dist/tex/latex/oberdiek/kvoptions.sty
Package: kvoptions 2011/06/30 v3.11 Key value format for package options (HO)

(/usr/share/texlive/texmf-dist/tex/generic/oberdiek/kvsetkeys.sty
Package: kvsetkeys 2012/04/25 v1.16 Key value parser (HO)

(/usr/share/texlive/texmf-dist/tex/generic/oberdiek/etexcmds.sty
Package: etexcmds 2011/02/16 v1.5 Avoid name clashes with e-TeX commands (HO)
Package etexcmds Info: Could not find \expanded.
(etexcmds)             That can mean that you are not using pdfTeX 1.50 or
(etexcmds)             that some package has redefined \expanded.
(etexcmds)             In the latter case, load this package earlier.
)))
Package grfext Info: Graphics extension search list:
(grfext)             [.png,.pdf,.jpg,.mps,.jpeg,.jbig2,.jb2,.PNG,.PDF,.JPG,.JPE
G,.JBIG2,.JB2,.eps]
(grfext)             \AppendGraphicsExtensions on input line 452.

(/usr/share/texlive/texmf-dist/tex/latex/latexconfig/epstopdf-sys.cfg
File: epstopdf-sys.cfg 2010/07/13 v1.3 Configuration of (r)epstopdf for TeX Liv
e
))
Package caption Info: Begin \AtBeginDocument code.
Package caption Info: float package is loaded.
Package caption Info: wrapfig package is loaded.
Package caption Info: End \AtBeginDocument code.
LaTeX Font Info:    Try loading font information for U+msa on input line 71.

(/usr/share/texlive/texmf-dist/tex/latex/amsfonts/umsa.fd
File: umsa.fd 2013/01/14 v3.01 AMS symbols A
)
LaTeX Font Info:    Try loading font information for U+msb on input line 71.

(/usr/share/texlive/texmf-dist/tex/latex/amsfonts/umsb.fd
File: umsb.fd 2013/01/14 v3.01 AMS symbols B
)
LaTeX Font Info:    Try loading font information for U+lasy on input line 71.

(/usr/share/texlive/texmf-dist/tex/latex/base/ulasy.fd
File: ulasy.fd 1998/08/17 v2.2e LaTeX symbol font definitions
)

LaTeX Warning: No \author given.


Overfull \hbox (5.42757pt too wide) in paragraph at lines 91--93
\OT1/cmr/m/n/9 H.2.8 [\OT1/cmr/bx/n/9 DATABASE MAN-AGE-MENT\OT1/cmr/m/n/9 ]: Sp
a-tial databases
 []


Underfull \vbox (badness 10000) has occurred while \output is active []

 [1{/var/lib/texmf/fonts/map/pdftex/updmap/pdftex.map}


]
Overfull \hbox (3.22928pt too wide) in paragraph at lines 155--175
 [][] 
 []


Overfull \hbox (1.84352pt too wide) in paragraph at lines 198--199
[]\OT1/cmr/m/n/9 Despite its de-fi-cien-cies, how-ever, the plane-sweep ap-proa
ch
 []


Overfull \hbox (2.84769pt too wide) in paragraph at lines 223--225
[]\OT1/cmr/m/n/9 Double in-dex traver-sals are also pos-si-ble with Quadtrees [
2]
 []

[2]

pdfTeX warning: pdflatex (file ./figures/PBSM.pdf): PDF inclusion: found PDF ve
rsion <1.6>, but at most version <1.5> allowed
<figures/PBSM.pdf, id=19, 280.04625pt x 144.54pt>
File: figures/PBSM.pdf Graphic file (type pdf)
 <use figures/PBSM.pdf>
Package pdftex.def Info: figures/PBSM.pdf used on input line 250.
(pdftex.def)             Requested size: 192.00073pt x 99.10191pt.

<figures/SizeSeparation.pdf, id=20, 496.85625pt x 334.24875pt>
File: figures/SizeSeparation.pdf Graphic file (type pdf)

<use figures/SizeSeparation.pdf>
Package pdftex.def Info: figures/SizeSeparation.pdf used on input line 292.
(pdftex.def)             Requested size: 192.00073pt x 129.16302pt.
 [3 <./figures/PBSM.pdf> <./figures/SizeSeparation.pdf

pdfTeX warning: pdflatex (file ./figures/SizeSeparation.pdf): PDF inclusion: mu
ltiple pdfs with page group included in a single page
>]

pdfTeX warning: pdflatex (file ./figures/neuron.pdf): PDF inclusion: found PDF 
version <1.6>, but at most version <1.5> allowed
<figures/neuron.pdf, id=46, 1266.7325pt x 692.5875pt>
File: figures/neuron.pdf Graphic file (type pdf)
 <use figures/neuron.pdf>
Package pdftex.def Info: figures/neuron.pdf used on input line 325.
(pdftex.def)             Requested size: 1266.72942pt x 692.5858pt.

<figures/TOUCH1.pdf, id=47, 481.35835pt x 175.51271pt>
File: figures/TOUCH1.pdf Graphic file (type pdf)

<use figures/TOUCH1.pdf>
Package pdftex.def Info: figures/TOUCH1.pdf used on input line 374.
(pdftex.def)             Requested size: 240.0pt x 87.50974pt.
 <figures/TOUCH2.pdf, id=48, 476.6869pt x 533.52988pt>
File: figures/TOUCH2.pdf Graphic file (type pdf)

<use figures/TOUCH2.pdf>
Package pdftex.def Info: figures/TOUCH2.pdf used on input line 375.
(pdftex.def)             Requested size: 240.0pt x 268.62044pt.
 [4 <./figures/neuron.pdf> <./figures/TOUCH1.pdf, page is rotated 90 degrees> <
./figures/TOUCH2.pdf, page is rotated 90 degrees>]
Overfull \hbox (1.31499pt too wide) in paragraph at lines 405--409
\OT1/cmr/m/n/9 lems caused by ex-ces-sive index-overlap in other data-oriented
 []


Overfull \hbox (2.28233pt too wide) in paragraph at lines 405--409
\OT1/cmr/m/n/9 ap-proaches (R-Tree) as well as the prob-lems of space-oriented
 []


Overfull \hbox (1.56154pt too wide) in paragraph at lines 508--509
\OT1/cmr/m/n/9 struc-tion (Al-go-rithm 1[]), As-sign-ment (Al-go-rithm 2[]) and
 Join-
 []


Overfull \hbox (1.28035pt too wide) in paragraph at lines 533--534
[]\OT1/cmr/m/n/9 Algorithm 1[] builds an R-Tree from the ob-jects of $\OML/cmm/
m/it/9 dataset[]$\OT1/cmr/m/n/9 ,
 []

[5]

pdfTeX warning: pdflatex (file ./figures/DTouch.pdf): PDF inclusion: found PDF 
version <1.6>, but at most version <1.5> allowed
<figures/DTouch.pdf, id=87, 394.45819pt x 430.65562pt>
File: figures/DTouch.pdf Graphic file (type pdf)

<use figures/DTouch.pdf>
Package pdftex.def Info: figures/DTouch.pdf used on input line 596.
(pdftex.def)             Requested size: 192.00073pt x 209.61685pt.
 [6 <./figures/DTouch.pdf>]
<figures/alpha.pdf, id=100, 438.87784pt x 370.54938pt>
File: figures/alpha.pdf Graphic file (type pdf)
 <use figures/alpha.pdf>
Package pdftex.def Info: figures/alpha.pdf used on input line 610.
(pdftex.def)             Requested size: 115.19897pt x 97.26218pt.

Underfull \hbox (badness 2261) in paragraph at lines 615--616
\OT1/cmr/m/n/9 ences the as-sign-ment.
 []


Underfull \hbox (badness 5203) in paragraph at lines 615--616
\OT1/cmr/m/n/9 node ($\OML/cmm/m/it/9  \OT1/cmr/m/n/9 = 1$) on
 []


Underfull \hbox (badness 2875) in paragraph at lines 615--616
\OT1/cmr/m/n/9 signed to high lev-els
 []


Underfull \hbox (badness 10000) in paragraph at lines 615--616

 []


Overfull \hbox (4.32404pt too wide) in paragraph at lines 641--642
\OT1/cmr/m/n/9 go-rithm con-structs one sym-met-ric R-tree, us-ing both dataset
s
 []



pdfTeX warning: pdflatex (file ./figures/CTouch.pdf): PDF inclusion: found PDF 
version <1.6>, but at most version <1.5> allowed
<figures/CTouch.pdf, id=101, 199.96025pt x 432.99768pt>
File: figures/CTouch.pdf Graphic file (type pdf)

<use figures/CTouch.pdf>
Package pdftex.def Info: figures/CTouch.pdf used on input line 645.
(pdftex.def)             Requested size: 115.19897pt x 249.46065pt.
Missing character: There is no â in font cmr9!
Missing character: There is no € in font cmr9!
Missing character: There is no ™ in font cmr9!

Underfull \hbox (badness 1721) in paragraph at lines 650--651
\OT1/cmr/m/n/9 i-ni-tions to dis-tin-guish
 []


Overfull \hbox (7.50066pt too wide) in paragraph at lines 650--651
\OT1/cmr/m/n/9 datasets and MBRs types.
 []


Underfull \hbox (badness 1888) in paragraph at lines 650--651
\OT1/cmr/m/n/9 dataset A and B be
 []


Underfull \hbox (badness 4543) in paragraph at lines 650--651
\OT1/cmr/m/n/9 red $\OML/cmm/m/it/9 o[]$ \OT1/cmr/m/n/9 and blue $\OML/cmm/m/it
/9 o[]$
 []


Underfull \hbox (badness 2521) in paragraph at lines 650--651
\OT1/cmr/m/n/9 re-spec-tively. Fol-low-
 []


Underfull \hbox (badness 4995) in paragraph at lines 650--651
\OT1/cmr/m/n/9 ing this col-or-ing we
 []


Underfull \hbox (badness 1888) in paragraph at lines 650--651
\OT1/cmr/m/n/9 jects as-signed to any
 []


Underfull \hbox (badness 1127) in paragraph at lines 650--651
\OT1/cmr/m/n/9 form-ing the tree con-
 []


Underfull \hbox (badness 4467) in paragraph at lines 650--651
\OT1/cmr/m/n/9 a dataset that is a
 []


LaTeX Warning: Reference `alg:CTOUCH' on page 7 undefined on input line 652.

[7 <./figures/alpha.pdf> <./figures/CTouch.pdf

pdfTeX warning: pdflatex (file ./figures/CTouch.pdf): PDF inclusion: multiple p
dfs with page group included in a single page
>]
LaTeX Font Info:    Try loading font information for OMS+cmr on input line 707.

 (/usr/share/texlive/texmf-dist/tex/latex/base/omscmr.fd
File: omscmr.fd 1999/05/25 v2.5h Standard LaTeX font definitions
)
LaTeX Font Info:    Font shape `OMS/cmr/m/n' in size <9> not available
(Font)              Font shape `OMS/cmsy/m/n' tried instead on input line 707.


pdfTeX warning: pdflatex (file ./figures/ReTouch.pdf): PDF inclusion: found PDF
 version <1.6>, but at most version <1.5> allowed
<figures/ReTouch.pdf, id=178, 412.09348pt x 428.79999pt>
File: figures/ReTouch.pdf Graphic file (type pdf)

<use figures/ReTouch.pdf>
Package pdftex.def Info: figures/ReTouch.pdf used on input line 799.
(pdftex.def)             Requested size: 192.00073pt x 199.78905pt.
 [8]

LaTeX Warning: Reference `alg:RETOUCH' on page 9 undefined on input line 810.


LaTeX Warning: Reference `alg:assignment' on page 9 undefined on input line 835
.

<figures/filtering.pdf, id=183, 162.6075pt x 99.37125pt>
File: figures/filtering.pdf Graphic file (type pdf)

<use figures/filtering.pdf>
Package pdftex.def Info: figures/filtering.pdf used on input line 864.
(pdftex.def)             Requested size: 115.19897pt x 70.40092pt.


Package wrapfig Warning: Stationary wrapfigure forced to float on input line 87
0.


Underfull \hbox (badness 6078) in paragraph at lines 871--872
[]\OT1/cmr/m/n/9 Local join is per-
 []


Underfull \hbox (badness 6526) in paragraph at lines 871--872
\OT1/cmr/m/n/9 formed us-ing Spa-tial
 []


Overfull \hbox (3.35255pt too wide) in paragraph at lines 871--872
\OT1/cmr/m/n/9 dy-namic res-o-lu-tion. Lets
 []


Underfull \hbox (badness 1365) in paragraph at lines 871--872
\OT1/cmr/m/n/9 the node $\OML/cmm/m/it/9 V$ \OT1/cmr/m/n/9 with as-
 []


Overfull \hbox (14.62943pt too wide) in paragraph at lines 871--872
\OT1/cmr/m/n/9 signed ob-jects $\OML/cmm/m/it/9 a[]; a[]; :::; a[]$\OT1/cmr/m/n
/9 . 
 []


Overfull \hbox (24.81758pt too wide) detected at line 872
\OML/cmm/m/it/9 MBR\OT1/cmr/m/n/9 (\OML/cmm/m/it/9 V\OT1/cmr/m/n/9 ) = \OMS/cms
y/m/n/9 [[]\OML/cmm/m/it/9 MBR\OT1/cmr/m/n/9 (\OML/cmm/m/it/9 a[]\OT1/cmr/m/n/9
 )
 []

[9 <./figures/ReTouch.pdf> <./figures/filtering.pdf

pdfTeX warning: pdflatex (file ./figures/filtering.pdf): PDF inclusion: multipl
e pdfs with page group included in a single page
>] <figures/picUni.png, id=202, 578.16pt x 433.62pt>
File: figures/picUni.png Graphic file (type png)
 <use figures/picUni.png>
Package pdftex.def Info: figures/picUni.png used on input line 903.
(pdftex.def)             Requested size: 72.00073pt x 53.99725pt.

<figures/picGauss.png, id=204, 578.16pt x 433.62pt>
File: figures/picGauss.png Graphic file (type png)
 <use figures/picGauss.png>
Package pdftex.def Info: figures/picGauss.png used on input line 904.
(pdftex.def)             Requested size: 72.00073pt x 53.99725pt.

<figures/picClust.png, id=205, 578.16pt x 433.62pt>
File: figures/picClust.png Graphic file (type png)
 <use figures/picClust.png>
Package pdftex.def Info: figures/picClust.png used on input line 905.
(pdftex.def)             Requested size: 72.00073pt x 53.99725pt.

Overfull \hbox (1.5574pt too wide) in paragraph at lines 924--928
[]\OT1/cmr/m/n/9 We ex-per-i-men-tally demon-strate that our ap-proach is faste
r
 []

[10 <./figures/picUni.png> <./figures/picGauss.png> <./figures/picClust.png>]
[11] (./reTOUCH.aux)

LaTeX Warning: There were undefined references.

 ) 
Here is how much of TeX's memory you used:
 5185 strings out of 495028
 75228 string characters out of 6181496
 160957 words of memory out of 5000000
 8276 multiletter control sequences out of 15000+600000
 22167 words of font info for 54 fonts, out of 8000000 for 9000
 14 hyphenation exceptions out of 8191
 41i,10n,38p,1142b,404s stack positions out of 5000i,500n,10000p,200000b,80000s
{/usr/share/texlive/texmf-dist/fonts/enc/dvips/base/8r.enc}</usr/share/texliv
e/texmf-dist/fonts/type1/public/amsfonts/cm/cmbx9.pfb></usr/share/texlive/texmf
-dist/fonts/type1/public/amsfonts/cm/cmcsc10.pfb></usr/share/texlive/texmf-dist
/fonts/type1/public/amsfonts/cmextra/cmex9.pfb></usr/share/texlive/texmf-dist/f
onts/type1/public/amsfonts/cm/cmmi5.pfb></usr/share/texlive/texmf-dist/fonts/ty
pe1/public/amsfonts/cm/cmmi6.pfb></usr/share/texlive/texmf-dist/fonts/type1/pub
lic/amsfonts/cm/cmmi9.pfb></usr/share/texlive/texmf-dist/fonts/type1/public/ams
fonts/cm/cmr6.pfb></usr/share/texlive/texmf-dist/fonts/type1/public/amsfonts/cm
/cmr9.pfb></usr/share/texlive/texmf-dist/fonts/type1/public/amsfonts/cm/cmsy5.p
fb></usr/share/texlive/texmf-dist/fonts/type1/public/amsfonts/cm/cmsy6.pfb></us
r/share/texlive/texmf-dist/fonts/type1/public/amsfonts/cm/cmsy9.pfb></usr/share
/texlive/texmf-dist/fonts/type1/public/amsfonts/cm/cmti9.pfb></usr/share/texliv
e/texmf-dist/fonts/type1/public/amsfonts/symbols/msam10.pfb></usr/share/texlive
/texmf-dist/fonts/type1/public/amsfonts/symbols/msbm10.pfb></usr/share/texlive/
texmf-dist/fonts/type1/urw/helvetic/uhvb8a.pfb></usr/share/texlive/texmf-dist/f
onts/type1/urw/times/utmb8a.pfb></usr/share/texlive/texmf-dist/fonts/type1/urw/
times/utmri8a.pfb>
Output written on reTOUCH.pdf (11 pages, 3122207 bytes).
PDF statistics:
 270 PDF objects out of 1000 (max. 8388607)
 184 compressed objects within 2 object streams
 0 named destinations out of 1000 (max. 500000)
 66 words of extra memory for PDF output out of 10000 (max. 10000000)

